\BOOKMARK [-1][-]{part.1}{\376\377\000I\000\040\000Z\000i\000e\000l}{}% 1
\BOOKMARK [0][-]{chapter.1}{\376\377\000V\000i\000s\000i\000o\000n}{part.1}% 2
\BOOKMARK [0][-]{chapter.2}{\376\377\000A\000n\000f\000o\000r\000d\000e\000r\000u\000n\000g\000e\000n}{part.1}% 3
\BOOKMARK [1][-]{section.2.1}{\376\377\000K\000Z\000O}{chapter.2}% 4
\BOOKMARK [1][-]{section.2.2}{\376\377\000N\000o\000t\000w\000e\000n\000d\000i\000g\000e\000\040\000F\000e\000a\000t\000u\000r\000e\000s}{chapter.2}% 5
\BOOKMARK [1][-]{section.2.3}{\376\377\000N\000i\000c\000e\000\040\000t\000o\000\040\000h\000a\000v\000e}{chapter.2}% 6
\BOOKMARK [2][-]{subsection.2.3.1}{\376\377\000O\000n\000l\000i\000n\000e\000\040\000M\000u\000l\000t\000i\000p\000l\000a\000y\000e\000r}{section.2.3}% 7
\BOOKMARK [2][-]{subsection.2.3.2}{\376\377\000M\000o\000n\000e\000t\000a\000r\000i\000s\000i\000e\000r\000u\000n\000g}{section.2.3}% 8
\BOOKMARK [2][-]{subsection.2.3.3}{\376\377\000G\000r\000a\000p\000h\000i\000k\000e\000n}{section.2.3}% 9
\BOOKMARK [1][-]{section.2.4}{\376\377\000S\000k\000i\000z\000z\000e\000n}{chapter.2}% 10
\BOOKMARK [0][-]{chapter.3}{\376\377\000S\000k\000i\000z\000z\000e\000n}{part.1}% 11
\BOOKMARK [0][-]{chapter.4}{\376\377\000R\000i\000s\000i\000k\000o}{part.1}% 12
\BOOKMARK [1][-]{section.4.1}{\376\377\000H\000o\000c\000h}{chapter.4}% 13
\BOOKMARK [1][-]{section.4.2}{\376\377\000M\000\344\000s\000s\000i\000g}{chapter.4}% 14
\BOOKMARK [1][-]{section.4.3}{\376\377\000T\000i\000e\000f}{chapter.4}% 15
\BOOKMARK [-1][-]{part.2}{\376\377\000I\000I\000\040\000P\000r\000o\000d\000u\000k\000t}{}% 16
\BOOKMARK [0][-]{chapter.5}{\376\377\000A\000r\000c\000h\000i\000t\000e\000k\000t\000u\000r}{part.2}% 17
\BOOKMARK [0][-]{chapter.6}{\376\377\000F\000e\000e\000d\000b\000a\000c\000k}{part.2}% 18
\BOOKMARK [0][-]{chapter.7}{\376\377\000Z\000u\000k\000u\000n\000f\000t}{part.2}% 19
\BOOKMARK [-1][-]{part.3}{\376\377\000I\000I\000I\000\040\000S\000c\000h\000w\000i\000e\000r\000i\000g\000k\000e\000i\000t\000e\000n}{}% 20
\BOOKMARK [0][-]{chapter.8}{\376\377\000T\000e\000c\000h\000n\000o\000l\000o\000g\000i\000e\000n}{part.3}% 21
\BOOKMARK [1][-]{section.8.1}{\376\377\000U\000n\000i\000t\000y}{chapter.8}% 22
\BOOKMARK [1][-]{section.8.2}{\376\377\000G\000i\000t\000h\000u\000b}{chapter.8}% 23
\BOOKMARK [1][-]{section.8.3}{\376\377\000L\000a\000T\000e\000x}{chapter.8}% 24
\BOOKMARK [1][-]{section.8.4}{\376\377\000P\000r\000o\000p\000o\000s\000e\000d\000\040\000R\000e\000a\000l\000i\000z\000a\000t\000i\000o\000n}{chapter.8}% 25
\BOOKMARK [0][-]{chapter.9}{\376\377\000T\000e\000a\000m\000\040\000M\000a\000n\000a\000g\000e\000m\000e\000n\000t}{part.3}% 26
\BOOKMARK [0][-]{chapter.10}{\376\377\000T\000i\000m\000e\000\040\000M\000a\000n\000a\000g\000e\000m\000e\000n\000t}{part.3}% 27
\BOOKMARK [1][-]{section.10.1}{\376\377\000R\000o\000a\000d\000m\000a\000p}{chapter.10}% 28
\BOOKMARK [-1][-]{part.4}{\376\377\000I\000V\000\040\000R\000e\000f\000l\000e\000x\000i\000o\000n}{}% 29
\BOOKMARK [0][-]{chapter.11}{\376\377\000R\000\374\000c\000k\000b\000l\000i\000c\000k}{part.4}% 30
\BOOKMARK [1][-]{section.11.1}{\376\377\000T\000e\000a\000m}{chapter.11}% 31
\BOOKMARK [1][-]{section.11.2}{\376\377\000M\000a\000r\000c}{chapter.11}% 32
\BOOKMARK [1][-]{section.11.3}{\376\377\000E\000l\000i}{chapter.11}% 33
\BOOKMARK [0][-]{chapter.12}{\376\377\000N\000\344\000c\000h\000s\000t\000e\000s\000\040\000M\000a\000l}{part.4}% 34
\BOOKMARK [1][-]{section.12.1}{\376\377\000T\000e\000a\000m}{chapter.12}% 35
\BOOKMARK [1][-]{section.12.2}{\376\377\000M\000a\000r\000c}{chapter.12}% 36
\BOOKMARK [1][-]{section.12.3}{\376\377\000E\000l\000i}{chapter.12}% 37
\BOOKMARK [0][-]{section*.13}{\376\377\000G\000l\000o\000s\000s\000a\000r}{part.4}% 38
\BOOKMARK [0][-]{chapter*.14}{\376\377\000B\000i\000b\000l\000i\000o\000g\000r\000a\000p\000h\000y}{part.4}% 39
